\BOOKMARK [1][-]{section.1}{\376\377\000I\000n\000t\000r\000o\000d\000u\000c\000c\000i\000\363\000n}{}% 1
\BOOKMARK [1][-]{section.2}{\376\377\000P\000l\000a\000n\000t\000e\000a\000m\000i\000e\000n\000t\000o\000\040\000t\000e\000\363\000r\000i\000c\000o}{}% 2
\BOOKMARK [2][-]{subsection.2.1}{\376\377\000H\000a\000r\000r\000i\000s\000\040\000C\000o\000r\000n\000e\000r\000\040\000D\000e\000t\000e\000c\000t\000i\000o\000n}{section.2}% 3
\BOOKMARK [2][-]{subsection.2.2}{\376\377\000S\000U\000R\000F\000\040\000\050\000S\000p\000e\000e\000d\000e\000d\000-\000U\000p\000\040\000R\000o\000b\000u\000s\000t\000\040\000F\000e\000a\000t\000u\000r\000e\000s\000\051}{section.2}% 4
\BOOKMARK [2][-]{subsection.2.3}{\376\377\000S\000I\000F\000T\000\040\000\050\000S\000c\000a\000l\000e\000-\000I\000n\000v\000a\000r\000i\000a\000n\000t\000\040\000F\000e\000a\000t\000u\000r\000e\000\040\000T\000r\000a\000n\000s\000f\000o\000r\000m\000\051}{section.2}% 5
\BOOKMARK [2][-]{subsection.2.4}{\376\377\000H\000O\000G\000\040\000\050\000H\000i\000s\000t\000o\000g\000r\000a\000m\000\040\000o\000f\000\040\000O\000r\000i\000e\000n\000t\000e\000d\000\040\000G\000r\000a\000d\000i\000e\000n\000t\000s\000\051}{section.2}% 6
\BOOKMARK [1][-]{section.3}{\376\377\000I\000m\000p\000l\000e\000m\000e\000n\000t\000a\000c\000i\000\363\000n}{}% 7
\BOOKMARK [2][-]{subsection.3.1}{\376\377\000T\000e\000c\000n\000o\000l\000o\000g\000\355\000a\000s}{section.3}% 8
\BOOKMARK [2][-]{subsection.3.2}{\376\377\000T\000\351\000c\000n\000i\000c\000a\000s\000\040\000y\000\040\000A\000l\000g\000o\000r\000i\000t\000m\000o\000s\000\040\000E\000m\000p\000l\000e\000a\000d\000o\000s}{section.3}% 9
\BOOKMARK [3][-]{subsubsection.3.2.1}{\376\377\000H\000a\000r\000r\000i\000s\000\040\000C\000o\000r\000n\000e\000r\000\040\000D\000e\000t\000e\000c\000t\000i\000o\000n}{subsection.3.2}% 10
\BOOKMARK [3][-]{subsubsection.3.2.2}{\376\377\000S\000U\000R\000F\000\040\000\050\000S\000p\000e\000e\000d\000e\000d\000-\000U\000p\000\040\000R\000o\000b\000u\000s\000t\000\040\000F\000e\000a\000t\000u\000r\000e\000s\000\051}{subsection.3.2}% 11
\BOOKMARK [3][-]{subsubsection.3.2.3}{\376\377\000S\000I\000F\000T\000\040\000\050\000S\000c\000a\000l\000e\000-\000I\000n\000v\000a\000r\000i\000a\000n\000t\000\040\000F\000e\000a\000t\000u\000r\000e\000\040\000T\000r\000a\000n\000s\000f\000o\000r\000m\000\051}{subsection.3.2}% 12
\BOOKMARK [3][-]{subsubsection.3.2.4}{\376\377\000P\000r\000o\000c\000e\000s\000o\000\040\000d\000e\000\040\000A\000p\000l\000i\000c\000a\000c\000i\000\363\000n\000\040\000d\000e\000\040\000S\000I\000F\000T}{subsection.3.2}% 13
\BOOKMARK [3][-]{subsubsection.3.2.5}{\376\377\000H\000O\000G\000\040\000\050\000H\000i\000s\000t\000o\000g\000r\000a\000m\000\040\000o\000f\000\040\000O\000r\000i\000e\000n\000t\000e\000d\000\040\000G\000r\000a\000d\000i\000e\000n\000t\000s\000\051}{subsection.3.2}% 14
\BOOKMARK [3][-]{subsubsection.3.2.6}{\376\377\000P\000r\000o\000c\000e\000s\000o\000\040\000d\000e\000\040\000A\000p\000l\000i\000c\000a\000c\000i\000\363\000n\000\040\000d\000e\000\040\000H\000O\000G}{subsection.3.2}% 15
\BOOKMARK [2][-]{subsection.3.3}{\376\377\000D\000e\000c\000i\000s\000i\000o\000n\000e\000s\000\040\000d\000e\000\040\000D\000i\000s\000e\000\361\000o}{section.3}% 16
\BOOKMARK [1][-]{section.4}{\376\377\000E\000x\000p\000e\000r\000i\000m\000e\000n\000t\000a\000c\000i\000\363\000n}{}% 17
\BOOKMARK [2][-]{subsection.4.1}{\376\377\000P\000r\000e\000p\000a\000r\000a\000c\000i\000\363\000n\000\040\000d\000e\000l\000\040\000C\000o\000n\000j\000u\000n\000t\000o\000\040\000d\000e\000\040\000D\000a\000t\000o\000s}{section.4}% 18
\BOOKMARK [2][-]{subsection.4.2}{\376\377\000E\000n\000t\000r\000e\000n\000a\000m\000i\000e\000n\000t\000o\000\040\000d\000e\000l\000\040\000M\000o\000d\000e\000l\000o\000\040\000S\000V\000M}{section.4}% 19
\BOOKMARK [2][-]{subsection.4.3}{\376\377\000P\000r\000u\000e\000b\000a\000s\000\040\000d\000e\000\040\000E\000v\000a\000l\000u\000a\000c\000i\000\363\000n}{section.4}% 20
\BOOKMARK [2][-]{subsection.4.4}{\376\377\000R\000e\000s\000u\000l\000t\000a\000d\000o\000s\000\040\000y\000\040\000A\000n\000\341\000l\000i\000s\000i\000s}{section.4}% 21
\BOOKMARK [2][-]{subsection.4.5}{\376\377\000R\000e\000s\000u\000l\000t\000a\000d\000o\000s\000\040\000O\000b\000t\000e\000n\000i\000d\000o\000s}{section.4}% 22
\BOOKMARK [1][-]{section.5}{\376\377\000M\000a\000n\000u\000a\000l\000\040\000d\000e\000\040\000u\000s\000u\000a\000r\000i\000o}{}% 23
\BOOKMARK [1][-]{section.6}{\376\377\000C\000o\000n\000c\000l\000u\000s\000i\000o\000n\000e\000s}{}% 24
\BOOKMARK [1][-]{section.7}{\376\377\000A\000u\000t\000o\000e\000v\000a\000l\000u\000a\000c\000i\000\363\000n}{}% 25
\BOOKMARK [1][-]{section.8}{\376\377\000T\000a\000b\000l\000a\000\040\000d\000e\000\040\000t\000i\000e\000m\000p\000o\000s}{}% 26
